[Message:   BepInEx] BepInEx 5.4.21.0 - Lethal Company (12/11/2023 10:59:43 PM)
[Info   :   BepInEx] Running under Unity v2022.3.9.15351836
[Info   :   BepInEx] CLR runtime version: 4.0.30319.42000
[Info   :   BepInEx] Supports SRE: True
[Info   :   BepInEx] System platform: Bits64, Windows
[Message:   BepInEx] Preloader started
[Info   :   BepInEx] Loaded 1 patcher method from [BepInEx.Preloader 5.4.21.0]
[Info   :   BepInEx] 1 patcher plugin loaded
[Info   :   BepInEx] Patching [UnityEngine.CoreModule] with [BepInEx.Chainloader]
[Message:   BepInEx] Preloader finished
[Message:   BepInEx] Chainloader ready
[Message:   BepInEx] Chainloader started
[Info   :   BepInEx] 3 plugins to load
[Info   :   BepInEx] Loading [BiggerLobby 2.5.0]
[Info   : Unity Log] newarr
[Info   : Unity Log] ok gunna do it
[Info   : Unity Log] ok gunna did it
[Info   : Unity Log] newarr
[Info   : Unity Log] ok gunna do it
[Info   : Unity Log] ok gunna did it
[Info   : Unity Log] newarr
[Info   : Unity Log] ok gunna do it
[Info   : Unity Log] ok gunna did it
[Info   : Unity Log] blt
[Info   : Unity Log] ok gunna do it
[Info   : Unity Log] ok gunna did it
[Info   : Unity Log] blt
[Info   : Unity Log] ok gunna do it
[Info   : Unity Log] ok gunna did it
[Info   : Unity Log] blt
[Info   : Unity Log] newarr
[Info   : Unity Log] ok gunna do it
[Info   : Unity Log] ok gunna did it
[Info   : Unity Log] blt
[Info   : Unity Log] ok gunna do it
[Info   : Unity Log] ok gunna did it
[Info   : Unity Log] blt
[Info   : Unity Log] blt
[Info   : Unity Log] blt
[Info   : Unity Log] blt
[Info   : Unity Log] blt
[Info   : Unity Log] blt
[Info   : Unity Log] ok gunna do it
[Info   : Unity Log] ok gunna did it
[Info   : Unity Log] blt
[Info   : Unity Log] blt
[Info   : Unity Log] ok gunna do it
[Info   : Unity Log] ok gunna did it
[Info   : Unity Log] blt
[Info   : Unity Log] ok gunna do it
[Info   : Unity Log] ok gunna did it
[Info   : Unity Log] blt
[Info   : Unity Log] ok gunna do it
[Info   : Unity Log] ok gunna did it
[Info   : Unity Log] ldfld
[Info   : Unity Log] ldfld
[Info   : Unity Log] ldarg.0
[Info   : Unity Log] Kick Fix Applied
[Info   : Unity Log] blt
[Info   : Unity Log] blt
[Info   : Unity Log] blt
[Info   : Unity Log] blt
[Info   : Unity Log] blt
[Info   : Unity Log] blt
[Info   : Unity Log] ok gunna do it
[Info   : Unity Log] ok gunna did it
[Info   :BiggerLobby] BiggerLobby loaded
[Info   :   BepInEx] Loading [LC_API 2.1.1]
[Warning:    LC_API] 
.____    _________           _____  __________ .___  
|    |   \_   ___ \         /  _  \ \______   \|   | 
|    |   /    \  \/        /  /_\  \ |     ___/|   | 
|    |___\     \____      /    |    \|    |    |   | 
|_______ \\______  /______\____|__  /|____|    |___| 
        \/       \//_____/        \/                 
                                                     
[Info   :    LC_API] LC_API Starting up..
[Info   :   BepInEx] Loading [More Suits 1.3.3]
[Info   :More Suits] Plugin More Suits is loaded!
[Message:   BepInEx] Chainloader startup complete
[Message:    LC_API] A plugin has set your game to only allow you to play with other people who have mods!
[Message:    LC_API] BundleAPI will now load all asset bundles...
[Message:    LC_API] BundleAPI Created legacy bundle directory in BepInEx/Bundles
[Message:    LC_API] BundleAPI got no assets to load from legacy directory
[Message:    LC_API] BundleAPI got no assets to load from plugins folder
[Message:    LC_API] BundleAPI finished loading all assets.
[Message:    LC_API] BundleAPI finished loading all assets.
[Info   :    LC_API] LC_API Started!
[Info   : Unity Log] Changing gamma
[Info   : Unity Log] override float value: 0
[Info   : Unity Log] Overriding float
[Info   : Unity Log] Gamma changed
[Info   : Unity Log] Set gamma to new value: 0; (0.00, 0.00, 0.00, 0.00) (True)
[Info   : Unity Log] Saving changed settings
[Info   : Unity Log] Changing gamma
[Info   : Unity Log] override float value: 0
[Info   : Unity Log] Overriding float
[Info   : Unity Log] Gamma changed
[Info   : Unity Log] Set gamma to new value: 0; (0.00, 0.00, 0.00, 0.00) (True)
[Info   : Unity Log] subcribing to steam callbacks
[Info   : Unity Log] Changing gamma
[Info   : Unity Log] override float value: 0
[Info   : Unity Log] Overriding float
[Info   : Unity Log] Gamma changed
[Info   : Unity Log] Set gamma to new value: 0; (0.00, 0.00, 0.00, 0.00) (True)
[Info   : Unity Log] [FacepunchTransport] - Initialized access to Steam Relay Network.
[Info   : Unity Log] [FacepunchTransport] - Fetched user Steam ID.
[Info   : Unity Log] Set version num
[Warning: Unity Log] Parent of RectTransform is being set with parent property. Consider using the SetParent method instead, with the worldPositionStays argument set to false. This will retain local orientation and scale rather than world orientation and scale, which can prevent common UI scaling issues.
[Info   : Unity Log] Changing gamma
[Info   : Unity Log] override float value: 0
[Info   : Unity Log] Overriding float
[Info   : Unity Log] Gamma changed
[Info   : Unity Log] Set gamma to new value: 0; (0.00, 0.00, 0.00, 0.00) (True)
[Info   : Unity Log] JOIN REQUESTED through steam invite
[Info   : Unity Log] lobby id: 109775242694337527
[Info   : Unity Log] Lobby id joining: 109775242694337527
[Info   : Unity Log] refreshing lobby...
[Info   : Unity Log] Waiting for lobby data refresh
[Info   : Unity Log] Displaying menu message
[Info   : Unity Log] Got lobby data refresh!; 109775242694337527
[Info   : Unity Log] Members in lobby: 3
[Info   : Unity Log] SETTING MAX PLAYERS TO 16!
[Info   : Unity Log] lobby.id: 109775242694337527
[Info   : Unity Log] id: 109775242694337527
[Info   : Unity Log] Successfully joined steam lobby.
[Info   : Unity Log] AA 109775242694337527
[Info   : Unity Log] BB 109775242694337527
[Info   : Unity Log] CC 76561198984728819
[Info   : Unity Log] Game version: 16485
[Info   : Unity Log] [Netcode] StartClient
[Info   : Unity Log] [Netcode] Initialize
[Info   : Unity Log] [FacepunchTransport] - Starting as client.
[Info   : Unity Log] started client!
[Info   : Unity Log] Displaying menu message
[Info   : Unity Log] [FacepunchTransport] - Connecting with Steam user 0.
[Info   : Unity Log] [Netcode] Connected
[Info   : Unity Log] [FacepunchTransport] - Connected with Steam user 0.
[Warning: Unity Log] [Netcode] Deferred messages were received for a trigger of type OnSpawn with key 63, but that trigger was not received within within 1 second(s).
[Warning: Unity Log] [Netcode] Deferred messages were received for a trigger of type OnSpawn with key 65, but that trigger was not received within within 1 second(s).
[Info   : Unity Log] Enabling connection callbacks in StartOfRound
[Info   : Unity Log] Began listening to SceneManager_OnLoadComplete1 on this client
[Info   : Unity Log] Changing gamma
[Info   : Unity Log] override float value: 0
[Info   : Unity Log] Overriding float
[Info   : Unity Log] Gamma changed
[Info   : Unity Log] Set gamma to new value: 0; (0.00, 0.00, 0.00, 0.00) (True)
[Warning: Unity Log] damageTrigger is disabled! Netcode for GameObjects does not support spawning disabled NetworkBehaviours! The InteractTrigger component was skipped during spawn!
[Info   : Unity Log] Client connected callback in gamenetworkmanager
[Info   : Unity Log] Item sales percentages #0: 0
[Info   : Unity Log] Item sales percentages #1: 0
[Info   : Unity Log] Item sales percentages #2: 0
[Info   : Unity Log] Item sales percentages #3: 0
[Info   : Unity Log] Item sales percentages #4: 0
[Info   : Unity Log] Item sales percentages #5: 0
[Info   : Unity Log] Item sales percentages #6: 0
[Info   : Unity Log] Item sales percentages #7: 0
[Info   : Unity Log] Item sales percentages #8: 0
[Info   : Unity Log] Item sales percentages #9: 0
[Info   : Unity Log] Item sales percentages #10: 0
[Info   : Unity Log] Item sales percentages #11: 0
[Info   : Unity Log] Item sales percentages #12: 0
[Info   : Unity Log] Can't add component 'RectTransform' to ScrollViewport because such a component is already added to the game object!
[Info   : Unity Log] # powered lights: 0
[Info   : Unity Log] Setting fallTmie to 1
[Info   : Unity Log] Setting fallTmie to 1
[Info   : Unity Log] Seed: 0 + 0 + 0
[Info   : Unity Log] Setting fallTmie to 1
[Info   : Unity Log] Setting fallTmie to 1
[Info   : Unity Log] Setting fallTmie to 1
[Info   : Unity Log] Setting fallTmie to 1
[Info   : Unity Log] Started spectating
[Info   : Unity Log] Started spectating
[Info   : Unity Log] Started spectating
[Info   : Unity Log] Started spectating
[Info   : Unity Log] Started spectating
[Info   : Unity Log] Started spectating
[Info   : Unity Log] Started spectating
[Info   : Unity Log] Started spectating
[Info   : Unity Log] Started spectating
[Info   : Unity Log] Started spectating
[Info   : Unity Log] Started spectating
[Info   : Unity Log] Started spectating
[Info   : Unity Log] Started spectating
[Info   : Unity Log] Started spectating
[Info   : Unity Log] Started spectating
[Info   : Unity Log] Started spectating
[Info   : Unity Log] soumdmanager: True; False
[Info   : Unity Log] Object Pro-flashlight falling 0
[Info   : Unity Log] Object Pro-flashlighthit ground false? : False
[Info   : Unity Log] Object Pro-flashlighthitting ground
[Info   : Unity Log] Object Pro-flashlight playing drop sfx
[Info   : Unity Log] Object Key falling 0
[Info   : Unity Log] Object Keyhit ground false? : False
[Info   : Unity Log] Object Keyhitting ground
[Info   : Unity Log] Object Key playing drop sfx
[Info   : Unity Log] Object Key falling 0
[Info   : Unity Log] Object Keyhit ground false? : False
[Info   : Unity Log] Object Keyhitting ground
[Info   : Unity Log] Object Key playing drop sfx
[Info   : Unity Log] Object Key falling 0
[Info   : Unity Log] Object Keyhit ground false? : False
[Info   : Unity Log] Object Keyhitting ground
[Info   : Unity Log] Object Key playing drop sfx
[Info   : Unity Log] soumdmanager: True; False
[Info   : Unity Log] NEW CLIENT JOINED THE SERVER!!; clientId: 4
[Info   : Unity Log] adding value to ClientPlayerList at value of index 0: 0
[Info   : Unity Log] adding value to ClientPlayerList at value of index 1: 1
[Info   : Unity Log] adding value to ClientPlayerList at value of index 2: 2
[Info   : Unity Log] adding value to ClientPlayerList at value of index 3: 4
[Info   : Unity Log] Skipping at index 4
[Info   : Unity Log] Skipping at index 5
[Info   : Unity Log] Skipping at index 6
[Info   : Unity Log] Skipping at index 7
[Info   : Unity Log] Skipping at index 8
[Info   : Unity Log] Skipping at index 9
[Info   : Unity Log] Skipping at index 10
[Info   : Unity Log] Skipping at index 11
[Info   : Unity Log] Skipping at index 12
[Info   : Unity Log] Skipping at index 13
[Info   : Unity Log] Skipping at index 14
[Info   : Unity Log] Skipping at index 15
[Info   : Unity Log] ClientId already in ClientPlayerList!
[Info   : Unity Log] clientplayerlist count for client: 4
[Info   : Unity Log] level id: 3
[Info   : Unity Log] Changing level
[Info   : Unity Log] New player: Player (3)
[Info   : Unity Log] Connected players (joined clients) amount after connection: 3
[Info   : Unity Log] Asking server to sync already-held objects. Our client id: 4
[Info   : Unity Log] Has beta?: {hasBeta}
[Info   : Unity Log] Has beta save data: True
[Warning: Unity Log] BoxColliders does not support negative scale or size.
The effective box size has been forced positive and is likely to give unexpected collision geometry.
If you absolutely need to use negative scaling you can use the convex MeshCollider. Scene hierarchy path "Environment/HangarShip/LightSwitchContainer/PlacementCollider"
[Warning: Unity Log] BoxColliders does not support negative scale or size.
The effective box size has been forced positive and is likely to give unexpected collision geometry.
If you absolutely need to use negative scaling you can use the convex MeshCollider. Scene hierarchy path "Environment/HangarShip/Cube"
[Warning: Unity Log] BoxColliders does not support negative scale or size.
The effective box size has been forced positive and is likely to give unexpected collision geometry.
If you absolutely need to use negative scaling you can use the convex MeshCollider. Scene hierarchy path "Environment/HangarShip/AnimatedShipDoor/HangarDoorLeft (1)"
[Warning: Unity Log] BoxColliders does not support negative scale or size.
The effective box size has been forced positive and is likely to give unexpected collision geometry.
If you absolutely need to use negative scaling you can use the convex MeshCollider. Scene hierarchy path "Environment/HangarShip/ShipBottomColliders/Cube (1)"
[Warning: Unity Log] BoxColliders does not support negative scale or size.
The effective box size has been forced positive and is likely to give unexpected collision geometry.
If you absolutely need to use negative scaling you can use the convex MeshCollider. Scene hierarchy path "Environment/HangarShip/ControlDesk.001"
[Warning: Unity Log] BoxColliders does not support negative scale or size.
The effective box size has been forced positive and is likely to give unexpected collision geometry.
If you absolutely need to use negative scaling you can use the convex MeshCollider. Scene hierarchy path "Environment/HangarShip/ShipBottomColliders/Cube (3)"
[Warning: Unity Log] BoxColliders does not support negative scale or size.
The effective box size has been forced positive and is likely to give unexpected collision geometry.
If you absolutely need to use negative scaling you can use the convex MeshCollider. Scene hierarchy path "Environment/HangarShip/ShipBottomColliders/Cube (7)"
[Warning: Unity Log] BoxColliders does not support negative scale or size.
The effective box size has been forced positive and is likely to give unexpected collision geometry.
If you absolutely need to use negative scaling you can use the convex MeshCollider. Scene hierarchy path "Environment/HangarShip/ShipBottomColliders/Cube (6)"
[Warning: Unity Log] BoxColliders does not support negative scale or size.
The effective box size has been forced positive and is likely to give unexpected collision geometry.
If you absolutely need to use negative scaling you can use the convex MeshCollider. Scene hierarchy path "Environment/HangarShip/ShipBottomColliders/Cube (8)"
[Warning: Unity Log] BoxColliders does not support negative scale or size.
The effective box size has been forced positive and is likely to give unexpected collision geometry.
If you absolutely need to use negative scaling you can use the convex MeshCollider. Scene hierarchy path "Environment/HangarShip/ShipBottomColliders/Cube (5)"
[Warning: Unity Log] BoxColliders does not support negative scale or size.
The effective box size has been forced positive and is likely to give unexpected collision geometry.
If you absolutely need to use negative scaling you can use the convex MeshCollider. Scene hierarchy path "Environment/HangarShip/ShipBottomColliders/Cube (4)"
[Info   : Unity Log] Taking control of player Player (3) and enabling camera!
[Info   : Unity Log] !!!! ENABLING CAMERA FOR PLAYER: Player (3)
[Info   : Unity Log] !!!! connectedPlayersAmount: 3
[Warning: Unity Log] [Dissonance:Recording] (05:02:39.408) CapturePipelineManager: Detected a frame skip, forcing capture pipeline reset (Delta Time:1.299989)
[Info   : Unity Log] Syncing already-held objects on client
[Info   : Unity Log] held objects count: 1
[Info   : Unity Log] pocketed objects count: 0
[Info   : Unity Log] isObjectPocketed length: 0
[Info   : Unity Log] iii 0
[Info   : Unity Log] Starting voice tracking for player: shaq
[Warning: Unity Log] BoxColliders does not support negative scale or size.
The effective box size has been forced positive and is likely to give unexpected collision geometry.
If you absolutely need to use negative scaling you can use the convex MeshCollider. Scene hierarchy path "Environment/HangarShip/StorageCloset/Cube.000/Cube"
[Warning: Unity Log] [Dissonance:Recording] (05:02:39.628) CapturePipelineManager: Detected a frame skip, forcing capture pipeline reset (Delta Time:0.3999174)
[Info   : Unity Log] INITIAL ARRAY LENGTHS
[Info   : Unity Log] 16
[Info   : Unity Log] 16
[Info   : Unity Log] Client: placeableObject #0: Teleporter(Clone)
[Info   : Unity Log] Client: position #0: (7.13, 2.14, -12.35)
[Info   : Unity Log] Saving placed position as: (7.13, 2.14, -12.35)
[Info   : Unity Log] Client: placeableObject #1: StorageCloset
[Info   : Unity Log] Client: position #1: (0.00, 0.00, 0.00)
[Info   : Unity Log] DISABLE OBJECT B
[Info   : Unity Log] Client: placeableObject #2: FileCabinet
[Info   : Unity Log] Client: position #2: (0.00, 0.00, 0.00)
[Info   : Unity Log] DISABLE OBJECT B
[Info   : Unity Log] Client: placeableObject #3: LightSwitchContainer
[Info   : Unity Log] Client: position #3: (9.92, 2.17, -17.45)
[Info   : Unity Log] Saving placed position as: (9.92, 2.17, -17.45)
[Info   : Unity Log] Client: placeableObject #4: RecordPlayerContainer(Clone)
[Info   : Unity Log] Client: position #4: (10.62, 2.10, -13.31)
[Info   : Unity Log] Saving placed position as: (10.62, 2.10, -13.31)
[Info   : Unity Log] Client: placeableObject #5: RomanticTableContainer(Clone)
[Info   : Unity Log] Client: position #5: (2.32, 0.84, -14.15)
[Info   : Unity Log] Saving placed position as: (2.32, 0.84, -14.15)
[Info   : Unity Log] Client: placeableObject #6: Bunkbeds
[Info   : Unity Log] Client: position #6: (0.00, 0.00, 0.00)
[Info   : Unity Log] DISABLE OBJECT B
[Info   : Unity Log] Client: placeableObject #7: Terminal
[Info   : Unity Log] Client: position #7: (10.65, 1.93, -11.65)
[Info   : Unity Log] Saving placed position as: (10.65, 1.93, -11.65)
[Info   : Unity Log] Client: placeableObject #8: InverseTeleporter(Clone)
[Info   : Unity Log] Client: position #8: (7.42, 2.14, -16.07)
[Info   : Unity Log] Saving placed position as: (7.42, 2.14, -16.07)
[Warning: Unity Log] [Dissonance:Network] (05:02:41.546) EventQueue: Large number of received packets pending dispatch (17). Possibly due to network congestion (last frame was 17.94ms)
[Warning:    LC_API] Xander responded with these mods:
BiggerLobby
LC_API
x753.More_Suits
[Warning:    LC_API] smokeythunder responded with these mods:
BiggerLobby
BrutalCompanyPlus
LC_API
mnc.fixcentipedelag
Sculas.BrutalCompanyAdditions
x753.More_Suits
[Info   : Unity Log] Refreshing voice playback objects. Number of voice objects found: 3
[Info   : Unity Log] Found a match for voice object #2 and player object #0
[Info   : Unity Log] player voice chat audiosource: Player e418bd8b-4ddf-48c2-b919-176d739f1dcb voice comms (UnityEngine.AudioSource); set audiomixer to  ;  ; 0
[Info   : Unity Log] Found a match for voice object #1 and player object #1
[Info   : Unity Log] player voice chat audiosource: Player 36dd4c8c-c258-41b7-912c-70723f9da6b9 voice comms (UnityEngine.AudioSource); set audiomixer to  ;  ; 1
[Info   : Unity Log] Found a match for voice object #0 and player object #2
[Info   : Unity Log] player voice chat audiosource: Player b14062a3-295e-4c9b-a1c9-e32716118fea voice comms (UnityEngine.AudioSource); set audiomixer to  ;  ; 2
[Info   : Unity Log] Skipping player #4 as they are not controlled or dead
[Info   : Unity Log] Skipping player #5 as they are not controlled or dead
[Info   : Unity Log] Skipping player #6 as they are not controlled or dead
[Info   : Unity Log] Skipping player #7 as they are not controlled or dead
[Info   : Unity Log] Skipping player #8 as they are not controlled or dead
[Info   : Unity Log] Skipping player #9 as they are not controlled or dead
[Info   : Unity Log] Skipping player #10 as they are not controlled or dead
[Info   : Unity Log] Skipping player #11 as they are not controlled or dead
[Info   : Unity Log] Skipping player #12 as they are not controlled or dead
[Info   : Unity Log] Skipping player #13 as they are not controlled or dead
[Info   : Unity Log] Skipping player #14 as they are not controlled or dead
[Info   : Unity Log] Skipping player #15 as they are not controlled or dead
[Info   : Unity Log] PLAYER OPENED MENU
[Info   : Unity Log] In terminal menu: False
[Info   : Unity Log] PLAYER OPENED MENU
[Info   : Unity Log] In terminal menu: False
[Info   : Unity Log] PLAYER OPENED MENU
[Info   : Unity Log] In terminal menu: False
[Info   : Unity Log] PLAYER OPENED MENU
[Info   : Unity Log] In terminal menu: False
[Info   : Unity Log] PLAYER OPENED MENU
[Info   : Unity Log] In terminal menu: False
[Info   : Unity Log] PLAYER OPENED MENU
[Info   : Unity Log] In terminal menu: False
[Info   : Unity Log] PLAYER OPENED MENU
[Info   : Unity Log] In terminal menu: False
[Info   : Unity Log] PLAYER OPENED MENU
[Info   : Unity Log] In terminal menu: False
[Info   : Unity Log] PLAYER OPENED MENU
[Info   : Unity Log] In terminal menu: False
[Info   : Unity Log] PLAYER OPENED MENU
[Info   : Unity Log] In terminal menu: False
[Info   : Unity Log] PLAYER OPENED MENU
[Info   : Unity Log] In terminal menu: False
[Info   : Unity Log] PLAYER OPENED MENU
[Info   : Unity Log] In terminal menu: False
[Info   : Unity Log] PLAYER OPENED MENU
[Info   : Unity Log] In terminal menu: False
[Info   : Unity Log] PLAYER OPENED MENU
[Info   : Unity Log] In terminal menu: False
[Info   : Unity Log] PLAYER OPENED MENU
[Info   : Unity Log] In terminal menu: False
[Info   : Unity Log] PLAYER OPENED MENU
[Info   : Unity Log] In terminal menu: False
[Info   : Unity Log] Set settings not applied!; MasterVolume
[Info   : Unity Log] Set settings not applied!; MasterVolume
[Info   : Unity Log] Set settings not applied!; MasterVolume
[Info   : Unity Log] Set settings not applied!; MasterVolume
[Info   : Unity Log] Set settings not applied!; MasterVolume
[Info   : Unity Log] Set settings not applied!; MasterVolume
[Info   : Unity Log] Set settings not applied!; MasterVolume
[Info   : Unity Log] Set settings not applied!; MasterVolume
[Info   : Unity Log] Set settings not applied!; MasterVolume
[Info   : Unity Log] Set settings not applied!; MasterVolume
[Info   : Unity Log] Set settings not applied!; MasterVolume
[Info   : Unity Log] Set settings not applied!; MasterVolume
[Info   : Unity Log] Set settings not applied!; MasterVolume
[Info   : Unity Log] Set settings not applied!; MasterVolume
[Info   : Unity Log] Set settings not applied!; MasterVolume
[Info   : Unity Log] Set settings not applied!; MasterVolume
[Info   : Unity Log] Set settings not applied!; MasterVolume
[Info   : Unity Log] Set settings not applied!; MasterVolume
[Info   : Unity Log] Set settings not applied!; MasterVolume
[Info   : Unity Log] Set settings not applied!; MasterVolume
[Info   : Unity Log] Set settings not applied!; MasterVolume
[Info   : Unity Log] Set settings not applied!; MasterVolume
[Info   : Unity Log] Set settings not applied!; MasterVolume
[Info   : Unity Log] PLAYER OPENED MENU
[Info   : Unity Log] In terminal menu: False
[Info   : Unity Log] PLAYER OPENED MENU
[Info   : Unity Log] In terminal menu: False
[Info   : Unity Log] PLAYER OPENED MENU
[Info   : Unity Log] In terminal menu: False
[Info   : Unity Log] PLAYER OPENED MENU
[Info   : Unity Log] In terminal menu: False
[Info   : Unity Log] PLAYER OPENED MENU
[Info   : Unity Log] In terminal menu: False
[Info   : Unity Log] PLAYER OPENED MENU
[Info   : Unity Log] In terminal menu: False
[Info   : Unity Log] PLAYER OPENED MENU
[Info   : Unity Log] In terminal menu: False
[Info   : Unity Log] PLAYER OPENED MENU
[Info   : Unity Log] In terminal menu: False
[Info   : Unity Log] PLAYER OPENED MENU
[Info   : Unity Log] In terminal menu: False
[Info   : Unity Log] PLAYER OPENED MENU
[Info   : Unity Log] In terminal menu: False
[Info   : Unity Log] PLAYER OPENED MENU
[Info   : Unity Log] In terminal menu: False
[Info   : Unity Log] PLAYER OPENED MENU
[Info   : Unity Log] In terminal menu: False
[Info   : Unity Log] PLAYER OPENED MENU
[Info   : Unity Log] In terminal menu: False
[Info   : Unity Log] PLAYER OPENED MENU
[Info   : Unity Log] In terminal menu: False
[Info   : Unity Log] PLAYER OPENED MENU
[Info   : Unity Log] In terminal menu: False
[Info   : Unity Log] PLAYER OPENED MENU
[Info   : Unity Log] In terminal menu: False
[Info   : Unity Log] Saving changed settings
[Info   : Unity Log] Changing gamma
[Info   : Unity Log] override float value: 0
[Info   : Unity Log] Overriding float
[Info   : Unity Log] Gamma changed
[Info   : Unity Log] Set gamma to new value: 0; (0.00, 0.00, 0.00, 0.00) (True)
[Info   : Unity Log] PLAYER OPENED MENU
[Info   : Unity Log] In terminal menu: False
[Info   : Unity Log] PLAYER OPENED MENU
[Info   : Unity Log] In terminal menu: False
[Info   : Unity Log] Discarding changed settings
[Info   : Unity Log] Changing gamma
[Info   : Unity Log] override float value: 0
[Info   : Unity Log] Overriding float
[Info   : Unity Log] Gamma changed
[Info   : Unity Log] Set gamma to new value: 0; (0.00, 0.00, 0.00, 0.00) (True)
[Info   : Unity Log] PLAYER OPENED MENU
[Info   : Unity Log] In terminal menu: False
[Info   : Unity Log] PLAYER OPENED MENU
[Info   : Unity Log] In terminal menu: False
[Info   : Unity Log] PLAYER OPENED MENU
[Info   : Unity Log] In terminal menu: False
[Info   : Unity Log] PLAYER OPENED MENU
[Info   : Unity Log] In terminal menu: False
[Info   : Unity Log] PLAYER OPENED MENU
[Info   : Unity Log] In terminal menu: False
[Info   : Unity Log] PLAYER OPENED MENU
[Info   : Unity Log] In terminal menu: False
[Info   : Unity Log] PLAYER OPENED MENU
[Info   : Unity Log] In terminal menu: False
[Info   : Unity Log] PLAYER OPENED MENU
[Info   : Unity Log] In terminal menu: False
[Info   : Unity Log] PLAYER OPENED MENU
[Info   : Unity Log] In terminal menu: False
[Info   : Unity Log] PLAYER OPENED MENU
[Info   : Unity Log] In terminal menu: False
[Info   : Unity Log] PLAYER OPENED MENU
[Info   : Unity Log] In terminal menu: False
[Info   : Unity Log] PLAYER OPENED MENU
[Info   : Unity Log] In terminal menu: False
[Info   : Unity Log] PLAYER OPENED MENU
[Info   : Unity Log] In terminal menu: False
[Info   : Unity Log] PLAYER OPENED MENU
[Info   : Unity Log] In terminal menu: False
[Info   : Unity Log] PLAYER OPENED MENU
[Info   : Unity Log] In terminal menu: False
[Info   : Unity Log] PLAYER OPENED MENU
[Info   : Unity Log] In terminal menu: False
[Info   : Unity Log] PLAYER OPENED MENU
[Info   : Unity Log] In terminal menu: False
[Info   : Unity Log] PLAYER OPENED MENU
[Info   : Unity Log] In terminal menu: False
[Info   : Unity Log] PLAYER OPENED MENU
[Info   : Unity Log] In terminal menu: False
[Info   : Unity Log] PLAYER OPENED MENU
[Info   : Unity Log] In terminal menu: False
[Info   : Unity Log] PLAYER OPENED MENU
[Info   : Unity Log] In terminal menu: False
[Info   : Unity Log] PLAYER OPENED MENU
[Info   : Unity Log] In terminal menu: False
[Info   : Unity Log] PLAYER OPENED MENU
[Info   : Unity Log] In terminal menu: False
[Info   : Unity Log] PLAYER OPENED MENU
[Info   : Unity Log] In terminal menu: False
[Info   : Unity Log] PLAYER OPENED MENU
[Info   : Unity Log] In terminal menu: False
[Info   : Unity Log] PLAYER OPENED MENU
[Info   : Unity Log] In terminal menu: False
[Info   : Unity Log] PLAYER OPENED MENU
[Info   : Unity Log] In terminal menu: False
[Info   : Unity Log] PLAYER OPENED MENU
[Info   : Unity Log] In terminal menu: False
[Info   : Unity Log] PLAYER OPENED MENU
[Info   : Unity Log] In terminal menu: False
[Info   : Unity Log] PLAYER OPENED MENU
[Info   : Unity Log] In terminal menu: False
[Info   : Unity Log] PLAYER OPENED MENU
[Info   : Unity Log] In terminal menu: False
[Info   : Unity Log] PLAYER OPENED MENU
[Info   : Unity Log] In terminal menu: False
[Info   : Unity Log] PLAYER OPENED MENU
[Info   : Unity Log] In terminal menu: False
[Info   : Unity Log] PLAYER OPENED MENU
[Info   : Unity Log] In terminal menu: False
[Info   : Unity Log] PLAYER OPENED MENU
[Info   : Unity Log] In terminal menu: False
[Info   : Unity Log] PLAYER OPENED MENU
[Info   : Unity Log] In terminal menu: False
[Info   : Unity Log] PLAYER OPENED MENU
[Info   : Unity Log] In terminal menu: False
[Info   : Unity Log] PLAYER OPENED MENU
[Info   : Unity Log] In terminal menu: False
[Info   : Unity Log] PLAYER OPENED MENU
[Info   : Unity Log] In terminal menu: False
[Info   : Unity Log] PLAYER OPENED MENU
[Info   : Unity Log] In terminal menu: False
[Info   : Unity Log] PLAYER OPENED MENU
[Info   : Unity Log] In terminal menu: False
[Info   : Unity Log] PLAYER OPENED MENU
[Info   : Unity Log] In terminal menu: False
[Info   : Unity Log] PLAYER OPENED MENU
[Info   : Unity Log] In terminal menu: False
[Info   : Unity Log] PLAYER OPENED MENU
[Info   : Unity Log] In terminal menu: False
[Info   : Unity Log] PLAYER OPENED MENU
[Info   : Unity Log] In terminal menu: False
[Info   : Unity Log] PLAYER OPENED MENU
[Info   : Unity Log] In terminal menu: False
[Info   : Unity Log] Object Airhorn falling 0
[Info   : Unity Log] Object Airhorn falling 0.2951045
[Info   : Unity Log] Object Airhornhit ground false? : True
[Info   : Unity Log] Object Airhorn falling 0.5893149
[Info   : Unity Log] Object Airhornhit ground false? : True
[Info   : Unity Log] Object Airhorn falling 0.8835254
[Info   : Unity Log] Object Airhornhit ground false? : True
[Info   : Unity Log] playerHeldBy on grabbed object: Player (2) (GameNetcodeStuff.PlayerControllerB)
[Info   : Unity Log] Object Magic 7 ball falling 0
[Info   : Unity Log] Object Magic 7 ball falling 0.2132871
[Info   : Unity Log] Object Magic 7 ball falling 0.4265741
[Info   : Unity Log] Object Magic 7 ballhit ground false? : False
[Info   : Unity Log] Object Magic 7 ballhitting ground
[Info   : Unity Log] Object Magic 7 ball playing drop sfx
[Info   : Unity Log] Object Magic 7 ball falling 0.6403365
[Info   : Unity Log] Object Magic 7 ballhit ground false? : True
[Info   : Unity Log] Object Magic 7 ball falling 0.8536235
[Info   : Unity Log] Object Magic 7 ballhit ground false? : True
[Info   : Unity Log] playerHeldBy on grabbed object: Player (2) (GameNetcodeStuff.PlayerControllerB)
[Info   : Unity Log] Object Ring falling 0
[Info   : Unity Log] Object Ring falling 0.2715674
[Info   : Unity Log] Object Ringhit ground false? : False
[Info   : Unity Log] Object Ringhitting ground
[Info   : Unity Log] Object Ring playing drop sfx
[Info   : Unity Log] Object Ring falling 0.5428383
[Info   : Unity Log] Object Ringhit ground false? : True
[Info   : Unity Log] Object Ring falling 0.8141092
[Info   : Unity Log] Object Ringhit ground false? : True
[Info   : Unity Log] playerHeldBy on grabbed object: Player (1) (GameNetcodeStuff.PlayerControllerB)
[Warning: Unity Log] [Dissonance:Network] (05:03:22.126) EventQueue: Large number of received packets pending dispatch (19). Possibly due to network congestion (last frame was 14.9499ms)
[Info   : Unity Log] bool val: True
[Warning: Unity Log] [Dissonance:Network] (05:03:25.212) EventQueue: Large number of received packets pending dispatch (13). Possibly due to long frame times (last frame was 150.5534ms)
[Info   : Unity Log] bool val: False
[Info   : Unity Log] bool val: True
[Warning: Unity Log] [Dissonance:Network] (05:03:30.077) EventQueue: Large number of received packets pending dispatch (18). Possibly due to network congestion (last frame was 17.0149ms)
[Info   : Unity Log] Object Airhorn falling 0
[Info   : Unity Log] Object Airhorn falling 0.07599127
[Info   : Unity Log] Object Airhorn falling 0.1519825
[Info   : Unity Log] Object Airhorn falling 0.2281335
[Info   : Unity Log] Object Airhorn falling 0.3041248
[Info   : Unity Log] Object Airhornhit ground false? : False
[Info   : Unity Log] Object Airhornhitting ground
[Info   : Unity Log] Object Airhorn playing drop sfx
[Info   : Unity Log] Object Airhorn falling 0.3801161
[Info   : Unity Log] Object Airhorn falling 0.4561073
[Info   : Unity Log] Object Airhorn falling 0.5324085
[Info   : Unity Log] Object Airhorn falling 0.6083997
[Info   : Unity Log] Object Airhorn falling 0.684391
[Info   : Unity Log] Object Airhornhit ground false? : True
[Info   : Unity Log] Object Airhorn falling 0.7603823
[Info   : Unity Log] Object Airhornhit ground false? : True
[Info   : Unity Log] Object Airhorn falling 0.8363736
[Info   : Unity Log] Object Airhornhit ground false? : True
[Info   : Unity Log] Object Airhorn falling 0.9129454
[Info   : Unity Log] Object Airhornhit ground false? : True
[Info   : Unity Log] Object Airhorn falling 0.9890439
[Info   : Unity Log] Object Airhornhit ground false? : True
[Info   : Unity Log] bool val: False
[Info   : Unity Log] bool val: True
[Info   : Unity Log] bool val: False
[Info   : Unity Log] bool val: True
[Info   : Unity Log] bool val: False
[Info   : Unity Log] bool val: True
[Info   : Unity Log] bool val: False
[Info   : Unity Log] bool val: True
[Info   : Unity Log] bool val: False
[Info   : Unity Log] Saving placed position as: (-4.13, 0.84, -12.54)
[Info   : Unity Log] Saving placed position as: (0.68, 0.84, -13.91)
[Info   : Unity Log] Syncing scanned enemies list with clients
[Info   : Unity Log] Syncing scanned enemies list with clients
[Info   : Unity Log] Syncing scanned enemies list with clients
[Info   : Unity Log] Syncing scanned enemies list with clients
[Info   : Unity Log] Syncing scanned enemies list with clients
[Info   : Unity Log] Syncing scanned enemies list with clients
[Info   : Unity Log] Syncing scanned enemies list with clients
[Info   : Unity Log] Syncing scanned enemies list with clients
[Info   : Unity Log] Syncing scanned enemies list with clients
[Info   : Unity Log] Syncing scanned enemies list with clients
[Info   : Unity Log] Setting animation on client
[Warning: Unity Log] [Dissonance:Network] (05:03:58.943) EventQueue: Large number of received packets pending dispatch (14). Possibly due to long frame times (last frame was 151.2196ms)
[Info   : Unity Log] PLAYER OPENED MENU
[Info   : Unity Log] In terminal menu: False
[Info   : Unity Log] PLAYER OPENED MENU
[Info   : Unity Log] In terminal menu: False
[Info   : Unity Log] PLAYER OPENED MENU
[Info   : Unity Log] In terminal menu: False
[Info   : Unity Log] PLAYER OPENED MENU
[Info   : Unity Log] In terminal menu: False
[Info   : Unity Log] PLAYER OPENED MENU
[Info   : Unity Log] In terminal menu: False
[Info   : Unity Log] PLAYER OPENED MENU
[Info   : Unity Log] In terminal menu: False
[Info   : Unity Log] PLAYER OPENED MENU
[Info   : Unity Log] In terminal menu: False
[Info   : Unity Log] PLAYER OPENED MENU
[Info   : Unity Log] In terminal menu: False
[Info   : Unity Log] PLAYER OPENED MENU
[Info   : Unity Log] In terminal menu: False
[Info   : Unity Log] PLAYER OPENED MENU
[Info   : Unity Log] In terminal menu: False
[Info   : Unity Log] PLAYER OPENED MENU
[Info   : Unity Log] In terminal menu: False
[Info   : Unity Log] PLAYER OPENED MENU
[Info   : Unity Log] In terminal menu: False
[Info   : Unity Log] PLAYER OPENED MENU
[Info   : Unity Log] In terminal menu: False
[Info   : Unity Log] PLAYER OPENED MENU
[Info   : Unity Log] In terminal menu: False
[Info   : Unity Log] PLAYER OPENED MENU
[Info   : Unity Log] In terminal menu: False
[Info   : Unity Log] PLAYER OPENED MENU
[Info   : Unity Log] In terminal menu: False
[Info   : Unity Log] Leaving current lobby
[Info   : Unity Log] Disconnecting and setting networkobjects to destroy with owner
[Info   : Unity Log] Shutting down and disconnecting from server. Is host?: False
[Info   : Unity Log] [Netcode] Shutdown
[Info   : Unity Log] [Netcode] ShutdownInternal
[Info   : Unity Log] [FacepunchTransport] - Disconnecting local client.
[Info   : Unity Log] [FacepunchTransport] - Shutting down.
[Info   : Unity Log] [Netcode] NetworkConnectionManager.Shutdown() -> IsListening && NetworkTransport != null -> NetworkTransport.Shutdown()
[Info   : Unity Log] [FacepunchTransport] - Disconnected Steam user 0.
[Info   : Unity Log] Resetting unlockables list!
[Info   : Unity Log] Scene manager is null
[Info   : Unity Log] DISABLING connection callbacks in round manager
[Info   : Unity Log] Terminal disabled, disabling ESC key listener
[Info   : Unity Log] Set version num
[Warning: Unity Log] Parent of RectTransform is being set with parent property. Consider using the SetParent method instead, with the worldPositionStays argument set to false. This will retain local orientation and scale rather than world orientation and scale, which can prevent common UI scaling issues.
[Info   : Unity Log] Changing gamma
[Info   : Unity Log] override float value: 0
[Info   : Unity Log] Overriding float
[Info   : Unity Log] Gamma changed
[Info   : Unity Log] Set gamma to new value: 0; (0.00, 0.00, 0.00, 0.00) (True)
[Info   : Unity Log] [Netcode] ShutdownInternal
[Info   : Unity Log] Leaving current lobby
[Info   : Unity Log] Disconnecting and setting networkobjects to destroy with owner
[Info   : Unity Log] Server is not active; quitting to main menu
[Info   : Unity Log] Set version num
[Warning: Unity Log] Parent of RectTransform is being set with parent property. Consider using the SetParent method instead, with the worldPositionStays argument set to false. This will retain local orientation and scale rather than world orientation and scale, which can prevent common UI scaling iss